<?xml version="1.0" encoding="UTF-8"?>
<testsuite xmlns:xsi="http://www.w3.org/2001/XMLSchema-instance" xsi:noNamespaceSchemaLocation="https://maven.apache.org/surefire/maven-surefire-plugin/xsd/surefire-test-report.xsd" name="com.example.o2o.dao.ProductDaoTest" time="0.102" tests="6" errors="1" skipped="0" failures="4">
  <properties>
    <property name="sun.desktop" value="windows"/>
    <property name="awt.toolkit" value="sun.awt.windows.WToolkit"/>
    <property name="file.encoding.pkg" value="sun.io"/>
    <property name="java.specification.version" value="1.8"/>
    <property name="sun.cpu.isalist" value="amd64"/>
    <property name="sun.jnu.encoding" value="Cp1252"/>
    <property name="java.class.path" value="C:\Users\tshi3\Documents\GitHub\springmvc_shop\o2o\target\test-classes;C:\Users\tshi3\Documents\GitHub\springmvc_shop\o2o\target\classes;C:\Users\tshi3\.m2\repository\junit\junit\4.12\junit-4.12.jar;C:\Users\tshi3\.m2\repository\org\hamcrest\hamcrest-core\1.3\hamcrest-core-1.3.jar;C:\Users\tshi3\.m2\repository\ch\qos\logback\logback-classic\1.2.3\logback-classic-1.2.3.jar;C:\Users\tshi3\.m2\repository\ch\qos\logback\logback-core\1.2.3\logback-core-1.2.3.jar;C:\Users\tshi3\.m2\repository\org\slf4j\slf4j-api\1.7.25\slf4j-api-1.7.25.jar;C:\Users\tshi3\.m2\repository\org\springframework\spring-core\4.3.7.RELEASE\spring-core-4.3.7.RELEASE.jar;C:\Users\tshi3\.m2\repository\commons-logging\commons-logging\1.2\commons-logging-1.2.jar;C:\Users\tshi3\.m2\repository\org\springframework\spring-beans\4.3.7.RELEASE\spring-beans-4.3.7.RELEASE.jar;C:\Users\tshi3\.m2\repository\org\springframework\spring-context\4.3.7.RELEASE\spring-context-4.3.7.RELEASE.jar;C:\Users\tshi3\.m2\repository\org\springframework\spring-aop\4.3.7.RELEASE\spring-aop-4.3.7.RELEASE.jar;C:\Users\tshi3\.m2\repository\org\springframework\spring-expression\4.3.7.RELEASE\spring-expression-4.3.7.RELEASE.jar;C:\Users\tshi3\.m2\repository\org\springframework\spring-jdbc\4.3.7.RELEASE\spring-jdbc-4.3.7.RELEASE.jar;C:\Users\tshi3\.m2\repository\org\springframework\spring-tx\4.3.7.RELEASE\spring-tx-4.3.7.RELEASE.jar;C:\Users\tshi3\.m2\repository\org\springframework\spring-web\4.3.7.RELEASE\spring-web-4.3.7.RELEASE.jar;C:\Users\tshi3\.m2\repository\org\springframework\spring-webmvc\4.3.7.RELEASE\spring-webmvc-4.3.7.RELEASE.jar;C:\Users\tshi3\.m2\repository\org\springframework\spring-test\4.3.7.RELEASE\spring-test-4.3.7.RELEASE.jar;C:\Users\tshi3\.m2\repository\javax\servlet\javax.servlet-api\3.1.0\javax.servlet-api-3.1.0.jar;C:\Users\tshi3\.m2\repository\com\fasterxml\jackson\core\jackson-databind\2.8.7\jackson-databind-2.8.7.jar;C:\Users\tshi3\.m2\repository\com\fasterxml\jackson\core\jackson-annotations\2.8.0\jackson-annotations-2.8.0.jar;C:\Users\tshi3\.m2\repository\com\fasterxml\jackson\core\jackson-core\2.8.7\jackson-core-2.8.7.jar;C:\Users\tshi3\.m2\repository\commons-collections\commons-collections\3.2\commons-collections-3.2.jar;C:\Users\tshi3\.m2\repository\org\mybatis\mybatis\3.4.2\mybatis-3.4.2.jar;C:\Users\tshi3\.m2\repository\org\mybatis\mybatis-spring\1.3.1\mybatis-spring-1.3.1.jar;C:\Users\tshi3\.m2\repository\mysql\mysql-connector-java\5.1.47\mysql-connector-java-5.1.47.jar;C:\Users\tshi3\.m2\repository\c3p0\c3p0\0.9.1.2\c3p0-0.9.1.2.jar;C:\Users\tshi3\.m2\repository\net\coobird\thumbnailator\0.4.8\thumbnailator-0.4.8.jar;C:\Users\tshi3\.m2\repository\com\github\penggle\kaptcha\2.3.2\kaptcha-2.3.2.jar;C:\Users\tshi3\.m2\repository\com\jhlabs\filters\2.0.235-1\filters-2.0.235-1.jar;C:\Users\tshi3\.m2\repository\commons-fileupload\commons-fileupload\1.3.2\commons-fileupload-1.3.2.jar;C:\Users\tshi3\.m2\repository\commons-io\commons-io\2.2\commons-io-2.2.jar;C:\Users\tshi3\.m2\repository\redis\clients\jedis\2.9.0\jedis-2.9.0.jar;C:\Users\tshi3\.m2\repository\org\apache\commons\commons-pool2\2.4.2\commons-pool2-2.4.2.jar;"/>
    <property name="java.vm.vendor" value="Oracle Corporation"/>
    <property name="sun.arch.data.model" value="64"/>
    <property name="user.variant" value=""/>
    <property name="java.vendor.url" value="http://java.oracle.com/"/>
    <property name="user.timezone" value="America/Denver"/>
    <property name="java.vm.specification.version" value="1.8"/>
    <property name="os.name" value="Windows 10"/>
    <property name="user.country" value="US"/>
    <property name="sun.java.launcher" value="SUN_STANDARD"/>
    <property name="sun.boot.library.path" value="C:\Program Files\Java\jdk1.8.0_191\jre\bin"/>
    <property name="sun.java.command" value="C:\Users\tshi3\AppData\Local\Temp\surefire1083907658015848029\surefirebooter7388289628326590206.jar C:\Users\tshi3\AppData\Local\Temp\surefire1083907658015848029 2019-03-19T17-22-44_898-jvmRun1 surefire8516658733009861814tmp surefire_02499415735087872103tmp"/>
    <property name="surefire.test.class.path" value="C:\Users\tshi3\Documents\GitHub\springmvc_shop\o2o\target\test-classes;C:\Users\tshi3\Documents\GitHub\springmvc_shop\o2o\target\classes;C:\Users\tshi3\.m2\repository\junit\junit\4.12\junit-4.12.jar;C:\Users\tshi3\.m2\repository\org\hamcrest\hamcrest-core\1.3\hamcrest-core-1.3.jar;C:\Users\tshi3\.m2\repository\ch\qos\logback\logback-classic\1.2.3\logback-classic-1.2.3.jar;C:\Users\tshi3\.m2\repository\ch\qos\logback\logback-core\1.2.3\logback-core-1.2.3.jar;C:\Users\tshi3\.m2\repository\org\slf4j\slf4j-api\1.7.25\slf4j-api-1.7.25.jar;C:\Users\tshi3\.m2\repository\org\springframework\spring-core\4.3.7.RELEASE\spring-core-4.3.7.RELEASE.jar;C:\Users\tshi3\.m2\repository\commons-logging\commons-logging\1.2\commons-logging-1.2.jar;C:\Users\tshi3\.m2\repository\org\springframework\spring-beans\4.3.7.RELEASE\spring-beans-4.3.7.RELEASE.jar;C:\Users\tshi3\.m2\repository\org\springframework\spring-context\4.3.7.RELEASE\spring-context-4.3.7.RELEASE.jar;C:\Users\tshi3\.m2\repository\org\springframework\spring-aop\4.3.7.RELEASE\spring-aop-4.3.7.RELEASE.jar;C:\Users\tshi3\.m2\repository\org\springframework\spring-expression\4.3.7.RELEASE\spring-expression-4.3.7.RELEASE.jar;C:\Users\tshi3\.m2\repository\org\springframework\spring-jdbc\4.3.7.RELEASE\spring-jdbc-4.3.7.RELEASE.jar;C:\Users\tshi3\.m2\repository\org\springframework\spring-tx\4.3.7.RELEASE\spring-tx-4.3.7.RELEASE.jar;C:\Users\tshi3\.m2\repository\org\springframework\spring-web\4.3.7.RELEASE\spring-web-4.3.7.RELEASE.jar;C:\Users\tshi3\.m2\repository\org\springframework\spring-webmvc\4.3.7.RELEASE\spring-webmvc-4.3.7.RELEASE.jar;C:\Users\tshi3\.m2\repository\org\springframework\spring-test\4.3.7.RELEASE\spring-test-4.3.7.RELEASE.jar;C:\Users\tshi3\.m2\repository\javax\servlet\javax.servlet-api\3.1.0\javax.servlet-api-3.1.0.jar;C:\Users\tshi3\.m2\repository\com\fasterxml\jackson\core\jackson-databind\2.8.7\jackson-databind-2.8.7.jar;C:\Users\tshi3\.m2\repository\com\fasterxml\jackson\core\jackson-annotations\2.8.0\jackson-annotations-2.8.0.jar;C:\Users\tshi3\.m2\repository\com\fasterxml\jackson\core\jackson-core\2.8.7\jackson-core-2.8.7.jar;C:\Users\tshi3\.m2\repository\commons-collections\commons-collections\3.2\commons-collections-3.2.jar;C:\Users\tshi3\.m2\repository\org\mybatis\mybatis\3.4.2\mybatis-3.4.2.jar;C:\Users\tshi3\.m2\repository\org\mybatis\mybatis-spring\1.3.1\mybatis-spring-1.3.1.jar;C:\Users\tshi3\.m2\repository\mysql\mysql-connector-java\5.1.47\mysql-connector-java-5.1.47.jar;C:\Users\tshi3\.m2\repository\c3p0\c3p0\0.9.1.2\c3p0-0.9.1.2.jar;C:\Users\tshi3\.m2\repository\net\coobird\thumbnailator\0.4.8\thumbnailator-0.4.8.jar;C:\Users\tshi3\.m2\repository\com\github\penggle\kaptcha\2.3.2\kaptcha-2.3.2.jar;C:\Users\tshi3\.m2\repository\com\jhlabs\filters\2.0.235-1\filters-2.0.235-1.jar;C:\Users\tshi3\.m2\repository\commons-fileupload\commons-fileupload\1.3.2\commons-fileupload-1.3.2.jar;C:\Users\tshi3\.m2\repository\commons-io\commons-io\2.2\commons-io-2.2.jar;C:\Users\tshi3\.m2\repository\redis\clients\jedis\2.9.0\jedis-2.9.0.jar;C:\Users\tshi3\.m2\repository\org\apache\commons\commons-pool2\2.4.2\commons-pool2-2.4.2.jar;"/>
    <property name="sun.cpu.endian" value="little"/>
    <property name="user.home" value="C:\Users\tshi3"/>
    <property name="user.language" value="en"/>
    <property name="java.specification.vendor" value="Oracle Corporation"/>
    <property name="java.home" value="C:\Program Files\Java\jdk1.8.0_191\jre"/>
    <property name="basedir" value="C:\Users\tshi3\Documents\GitHub\springmvc_shop\o2o"/>
    <property name="file.separator" value="\"/>
    <property name="line.separator" value="&#10;"/>
    <property name="java.vm.specification.vendor" value="Oracle Corporation"/>
    <property name="java.specification.name" value="Java Platform API Specification"/>
    <property name="java.awt.graphicsenv" value="sun.awt.Win32GraphicsEnvironment"/>
    <property name="surefire.real.class.path" value="C:\Users\tshi3\AppData\Local\Temp\surefire1083907658015848029\surefirebooter7388289628326590206.jar"/>
    <property name="sun.boot.class.path" value="C:\Program Files\Java\jdk1.8.0_191\jre\lib\resources.jar;C:\Program Files\Java\jdk1.8.0_191\jre\lib\rt.jar;C:\Program Files\Java\jdk1.8.0_191\jre\lib\sunrsasign.jar;C:\Program Files\Java\jdk1.8.0_191\jre\lib\jsse.jar;C:\Program Files\Java\jdk1.8.0_191\jre\lib\jce.jar;C:\Program Files\Java\jdk1.8.0_191\jre\lib\charsets.jar;C:\Program Files\Java\jdk1.8.0_191\jre\lib\jfr.jar;C:\Program Files\Java\jdk1.8.0_191\jre\classes"/>
    <property name="user.script" value=""/>
    <property name="sun.management.compiler" value="HotSpot 64-Bit Tiered Compilers"/>
    <property name="java.runtime.version" value="1.8.0_191-b12"/>
    <property name="user.name" value="tshi3"/>
    <property name="path.separator" value=";"/>
    <property name="os.version" value="10.0"/>
    <property name="java.endorsed.dirs" value="C:\Program Files\Java\jdk1.8.0_191\jre\lib\endorsed"/>
    <property name="java.runtime.name" value="Java(TM) SE Runtime Environment"/>
    <property name="file.encoding" value="Cp1252"/>
    <property name="java.vm.name" value="Java HotSpot(TM) 64-Bit Server VM"/>
    <property name="localRepository" value="C:\Users\tshi3\.m2\repository"/>
    <property name="java.vendor.url.bug" value="http://bugreport.sun.com/bugreport/"/>
    <property name="java.io.tmpdir" value="C:\Users\tshi3\AppData\Local\Temp\"/>
    <property name="idea.version" value="2018.3.5"/>
    <property name="java.version" value="1.8.0_191"/>
    <property name="user.dir" value="C:\Users\tshi3\Documents\GitHub\springmvc_shop\o2o"/>
    <property name="os.arch" value="amd64"/>
    <property name="java.vm.specification.name" value="Java Virtual Machine Specification"/>
    <property name="java.awt.printerjob" value="sun.awt.windows.WPrinterJob"/>
    <property name="sun.os.patch.level" value=""/>
    <property name="java.library.path" value="C:\Program Files\Java\jdk1.8.0_191\jre\bin;C:\WINDOWS\Sun\Java\bin;C:\WINDOWS\system32;C:\WINDOWS;C:\Program Files (x86)\Common Files\Oracle\Java\javapath;C:\Program Files (x86)\Intel\iCLS Client\;C:\Program Files\Intel\iCLS Client\;C:\WINDOWS\system32;C:\WINDOWS;C:\WINDOWS\System32\Wbem;C:\WINDOWS\System32\WindowsPowerShell\v1.0\;C:\Program Files (x86)\Intel\Intel(R) Management Engine Components\DAL;C:\Program Files\Intel\Intel(R) Management Engine Components\DAL;C:\Program Files (x86)\Intel\Intel(R) Management Engine Components\IPT;C:\Program Files\Intel\Intel(R) Management Engine Components\IPT;C:\WINDOWS\System32\OpenSSH\;C:\Program Files\MATLAB\R2018a\bin;C:\Program Files\Microsoft VS Code\bin;C:\Program Files\MiKTeX 2.9\miktex\bin\x64\;C:\Program Files\Git\cmd;C:\Program Files\nodejs\;C:\apps\mysql-8.0.14-winx64\bin;C:\apps\apache-maven-3.6.0\bin;C:\Program Files (x86)\Yarn\bin\;C:\Program Files\MySQL\MySQL Server 8.0\bin;C:\apps\apache-maven-3.6.0\bin;C:\Users\tshi3\Anaconda3;C:\Users\tshi3\Anaconda3\Library\mingw-w64\bin;C:\Users\tshi3\Anaconda3\Library\usr\bin;C:\Users\tshi3\Anaconda3\Library\bin;C:\Users\tshi3\Anaconda3\Scripts;C:\Users\tshi3\AppData\Local\Programs\Python\Python37\Scripts\;C:\Users\tshi3\AppData\Local\Programs\Python\Python37\;C:\Users\tshi3\AppData\Local\Microsoft\WindowsApps;C:\Program Files\Java\jdk-11.0.1\bin;C:\Users\tshi3\WebStorm 2018.3.2\bin;C:\Users\tshi3\AppData\Local\GitHubDesktop\bin;C:\Users\tshi3\AppData\Roaming\npm;C:\apps\mysql-8.0.14-winx64\bin;C:\apps\apache-maven-3.6.0\bin;C:\Users\tshi3\AppData\Local\Yarn\bin;C:\Program Files\MySQL\MySQL Server 8.0\bin;C:\Users\tshi3\AppData\Local\atom\bin;C:\apps\apache-maven-3.6.0\bin;;."/>
    <property name="java.vm.info" value="mixed mode"/>
    <property name="java.vendor" value="Oracle Corporation"/>
    <property name="java.vm.version" value="25.191-b12"/>
    <property name="java.ext.dirs" value="C:\Program Files\Java\jdk1.8.0_191\jre\lib\ext;C:\WINDOWS\Sun\Java\lib\ext"/>
    <property name="sun.io.unicode.encoding" value="UnicodeLittle"/>
    <property name="java.class.version" value="52.0"/>
  </properties>
  <testcase name="testAInsertProduct" classname="com.example.o2o.dao.ProductDaoTest" time="0"/>
  <testcase name="testBQueryProductList" classname="com.example.o2o.dao.ProductDaoTest" time="0">
    <failure message="expected:&lt;53&gt; but was:&lt;32&gt;" type="java.lang.AssertionError"><![CDATA[java.lang.AssertionError: expected:<53> but was:<32>
	at com.example.o2o.dao.ProductDaoTest.testBQueryProductList(ProductDaoTest.java:85)
]]></failure>
    <system-out><![CDATA[2019-03-19 17:22:49.823 [main] DEBUG com.example.o2o.dao.ProductDao.queryProductList-==>  Preparing: SELECT product_id, product_name, product_desc, img_addr, normal_price, promotion_price, priority, create_time, last_edit_time, enable_status, product_category_id, shop_id FROM tb_product ORDER BY priority DESC LIMIT ?,?; 
2019-03-19 17:22:49.824 [main] DEBUG com.example.o2o.dao.ProductDao.queryProductList-==> Parameters: 0(Integer), 3(Integer)
2019-03-19 17:22:49.827 [main] DEBUG com.example.o2o.dao.ProductDao.queryProductList-<==      Total: 3
2019-03-19 17:22:49.828 [main] DEBUG com.example.o2o.dao.ProductDao.queryProductCount-==>  Preparing: SELECT count(1) FROM tb_product 
2019-03-19 17:22:49.828 [main] DEBUG com.example.o2o.dao.ProductDao.queryProductCount-==> Parameters: 
2019-03-19 17:22:49.830 [main] DEBUG com.example.o2o.dao.ProductDao.queryProductCount-<==      Total: 1
]]></system-out>
  </testcase>
  <testcase name="testCQueryProductByProductId" classname="com.example.o2o.dao.ProductDaoTest" time="0.014">
    <failure message="expected:&lt;2&gt; but was:&lt;8&gt;" type="java.lang.AssertionError"><![CDATA[java.lang.AssertionError: expected:<2> but was:<8>
	at com.example.o2o.dao.ProductDaoTest.testCQueryProductByProductId(ProductDaoTest.java:117)
]]></failure>
    <system-out><![CDATA[2019-03-19 17:22:49.835 [main] DEBUG c.e.o2o.dao.ProductImgDao.batchInsertProductImg-==>  Preparing: INSERT INTO tb_product_img(img_addr,img_desc,priority,create_time,product_id) VALUES ( ?, ?, ?, ?, ? ) , ( ?, ?, ?, ?, ? ) 
2019-03-19 17:22:49.837 [main] DEBUG c.e.o2o.dao.ProductImgDao.batchInsertProductImg-==> Parameters: ??1(String), ????1(String), 1(Integer), 2019-03-19 17:22:49.833(Timestamp), 1(Long), ??2(String), null, 1(Integer), 2019-03-19 17:22:49.833(Timestamp), 1(Long)
2019-03-19 17:22:49.843 [main] DEBUG c.e.o2o.dao.ProductImgDao.batchInsertProductImg-<==    Updates: 2
2019-03-19 17:22:49.844 [main] DEBUG com.example.o2o.dao.ProductDao.queryProductById-==>  Preparing: SELECT p.product_id, p.product_name, p.product_desc, p.img_addr, p.normal_price, p.promotion_price, p.priority, p.create_time, p.last_edit_time, p.enable_status, p.product_category_id, p.shop_id, pm.product_img_id, pm.img_addr AS detail_img, pm.img_desc, pm.priority, pm.create_time FROM tb_product p LEFT JOIN tb_product_img pm ON p.product_id = pm.product_id WHERE p.product_id = ? ORDER BY pm.priority DESC 
2019-03-19 17:22:49.844 [main] DEBUG com.example.o2o.dao.ProductDao.queryProductById-==> Parameters: 1(Long)
2019-03-19 17:22:49.855 [main] DEBUG com.example.o2o.dao.ProductDao.queryProductById-<==      Total: 8
]]></system-out>
  </testcase>
  <testcase name="testDUpdateProduct" classname="com.example.o2o.dao.ProductDaoTest" time="0.008">
    <failure message="expected:&lt;1&gt; but was:&lt;0&gt;" type="java.lang.AssertionError"><![CDATA[java.lang.AssertionError: expected:<1> but was:<0>
	at com.example.o2o.dao.ProductDaoTest.testDUpdateProduct(ProductDaoTest.java:137)
]]></failure>
    <system-out><![CDATA[2019-03-19 17:22:49.859 [main] DEBUG com.example.o2o.dao.ProductDao.updateProduct-==>  Preparing: UPDATE tb_product SET product_name=?, product_category_id=? WHERE product_id = ? AND shop_id=? 
2019-03-19 17:22:49.860 [main] DEBUG com.example.o2o.dao.ProductDao.updateProduct-==> Parameters: ?????(String), 2(Long), 1(Long), 1(Long)
2019-03-19 17:22:49.863 [main] DEBUG com.example.o2o.dao.ProductDao.updateProduct-<==    Updates: 0
]]></system-out>
  </testcase>
  <testcase name="testEUpdateProductCategoryToNull" classname="com.example.o2o.dao.ProductDaoTest" time="0.006">
    <failure message="expected:&lt;5&gt; but was:&lt;0&gt;" type="java.lang.AssertionError"><![CDATA[java.lang.AssertionError: expected:<5> but was:<0>
	at com.example.o2o.dao.ProductDaoTest.testEUpdateProductCategoryToNull(ProductDaoTest.java:144)
]]></failure>
    <system-out><![CDATA[2019-03-19 17:22:49.865 [main] DEBUG c.e.o2o.dao.ProductDao.updateProductCategoryToNull-==>  Preparing: UPDATE tb_product SET product_category_id = null WHERE product_category_id = ? 
2019-03-19 17:22:49.869 [main] DEBUG c.e.o2o.dao.ProductDao.updateProductCategoryToNull-==> Parameters: 4(Long)
2019-03-19 17:22:49.870 [main] DEBUG c.e.o2o.dao.ProductDao.updateProductCategoryToNull-<==    Updates: 0
]]></system-out>
  </testcase>
  <testcase name="testFDeleteShopAuthMap" classname="com.example.o2o.dao.ProductDaoTest" time="0.07">
    <error message="&#10;### Error updating database.  Cause: com.mysql.jdbc.exceptions.jdbc4.MySQLIntegrityConstraintViolationException: Cannot delete or update a parent row: a foreign key constraint fails (`o2o`.`tb_product_img`, CONSTRAINT `fk_proimg_product` FOREIGN KEY (`product_id`) REFERENCES `tb_product` (`product_id`))&#10;### The error may involve defaultParameterMap&#10;### The error occurred while setting parameters&#10;### SQL: DELETE FROM tb_product   WHERE product_id = ?   AND shop_id=?&#10;### Cause: com.mysql.jdbc.exceptions.jdbc4.MySQLIntegrityConstraintViolationException: Cannot delete or update a parent row: a foreign key constraint fails (`o2o`.`tb_product_img`, CONSTRAINT `fk_proimg_product` FOREIGN KEY (`product_id`) REFERENCES `tb_product` (`product_id`))&#10;; SQL []; Cannot delete or update a parent row: a foreign key constraint fails (`o2o`.`tb_product_img`, CONSTRAINT `fk_proimg_product` FOREIGN KEY (`product_id`) REFERENCES `tb_product` (`product_id`)); nested exception is com.mysql.jdbc.exceptions.jdbc4.MySQLIntegrityConstraintViolationException: Cannot delete or update a parent row: a foreign key constraint fails (`o2o`.`tb_product_img`, CONSTRAINT `fk_proimg_product` FOREIGN KEY (`product_id`) REFERENCES `tb_product` (`product_id`))" type="org.springframework.dao.DataIntegrityViolationException">org.springframework.dao.DataIntegrityViolationException: 

### Error updating database.  Cause: com.mysql.jdbc.exceptions.jdbc4.MySQLIntegrityConstraintViolationException: Cannot delete or update a parent row: a foreign key constraint fails (`o2o`.`tb_product_img`, CONSTRAINT `fk_proimg_product` FOREIGN KEY (`product_id`) REFERENCES `tb_product` (`product_id`))
### The error may involve defaultParameterMap
### The error occurred while setting parameters
### SQL: DELETE FROM tb_product   WHERE product_id = ?   AND shop_id=?
### Cause: com.mysql.jdbc.exceptions.jdbc4.MySQLIntegrityConstraintViolationException: Cannot delete or update a parent row: a foreign key constraint fails (`o2o`.`tb_product_img`, CONSTRAINT `fk_proimg_product` FOREIGN KEY (`product_id`) REFERENCES `tb_product` (`product_id`))
; SQL []; Cannot delete or update a parent row: a foreign key constraint fails (`o2o`.`tb_product_img`, CONSTRAINT `fk_proimg_product` FOREIGN KEY (`product_id`) REFERENCES `tb_product` (`product_id`)); nested exception is com.mysql.jdbc.exceptions.jdbc4.MySQLIntegrityConstraintViolationException: Cannot delete or update a parent row: a foreign key constraint fails (`o2o`.`tb_product_img`, CONSTRAINT `fk_proimg_product` FOREIGN KEY (`product_id`) REFERENCES `tb_product` (`product_id`))
	at com.example.o2o.dao.ProductDaoTest.testFDeleteShopAuthMap(ProductDaoTest.java:159)
Caused by: com.mysql.jdbc.exceptions.jdbc4.MySQLIntegrityConstraintViolationException: Cannot delete or update a parent row: a foreign key constraint fails (`o2o`.`tb_product_img`, CONSTRAINT `fk_proimg_product` FOREIGN KEY (`product_id`) REFERENCES `tb_product` (`product_id`))
	at com.example.o2o.dao.ProductDaoTest.testFDeleteShopAuthMap(ProductDaoTest.java:159)
</error>
    <system-out><![CDATA[2019-03-19 17:22:49.874 [main] DEBUG com.example.o2o.dao.ProductDao.queryProductList-==>  Preparing: SELECT product_id, product_name, product_desc, img_addr, normal_price, promotion_price, priority, create_time, last_edit_time, enable_status, product_category_id, shop_id FROM tb_product WHERE product_category_id = ? ORDER BY priority DESC LIMIT ?,?; 
2019-03-19 17:22:49.874 [main] DEBUG com.example.o2o.dao.ProductDao.queryProductList-==> Parameters: 1(Long), 0(Integer), 3(Integer)
2019-03-19 17:22:49.876 [main] DEBUG com.example.o2o.dao.ProductDao.queryProductList-<==      Total: 3
2019-03-19 17:22:49.877 [main] DEBUG com.example.o2o.dao.ProductDao.deleteProduct-==>  Preparing: DELETE FROM tb_product WHERE product_id = ? AND shop_id=? 
2019-03-19 17:22:49.877 [main] DEBUG com.example.o2o.dao.ProductDao.deleteProduct-==> Parameters: 40(Long), 1(Long)
]]></system-out>
    <system-err><![CDATA[Mar 19, 2019 5:22:49 PM org.springframework.beans.factory.xml.XmlBeanDefinitionReader loadBeanDefinitions
INFO: Loading XML bean definitions from class path resource [org/springframework/jdbc/support/sql-error-codes.xml]
Mar 19, 2019 5:22:49 PM org.springframework.jdbc.support.SQLErrorCodesFactory <init>
INFO: SQLErrorCodes loaded: [DB2, Derby, H2, HSQL, Informix, MS-SQL, MySQL, Oracle, PostgreSQL, Sybase, Hana]
]]></system-err>
  </testcase>
</testsuite>